Vivado Simulator 2016.4
Copyright 1986-1999, 2001-2016 Xilinx, Inc. All Rights Reserved.
Running: C:/Xilinx/Vivado/2016.4/bin/unwrapped/win64.o/xelab.exe -wto 6821d457326843e38380fb73852a3aea --debug typical --relax --mt 2 -L xil_defaultlib -L unisims_ver -L unimacro_ver -L secureip --snapshot stopwatch_stimulus_behav xil_defaultlib.stopwatch_stimulus xil_defaultlib.glbl -log elaborate.log 
Using 2 slave threads.
Starting static elaboration
Completed static elaboration
Starting simulation data flow analysis
WARNING: [XSIM 43-4100] "C:/Users/prajw/Digital_Clock_Project/Digital_Clock_Project.srcs/sources_1/new/stopwatch_clock.v" Line 23. Module stopwatch_clock_24 has a timescale but at least one module in design doesn't have timescale.
WARNING: [XSIM 43-4100] "C:/Users/prajw/Digital_Clock_Project/Digital_Clock_Project.srcs/sources_1/new/stopwatch_hours.v" Line 25. Module stopwatch_hour has a timescale but at least one module in design doesn't have timescale.
WARNING: [XSIM 43-4100] "C:/Users/prajw/Digital_Clock_Project/Digital_Clock_Project.sim/sim_1/behav/glbl.v" Line 6. Module glbl has a timescale but at least one module in design doesn't have timescale.
WARNING: [XSIM 43-4100] "C:/Users/prajw/Digital_Clock_Project/Digital_Clock_Project.srcs/sources_1/new/stopwatch_clock.v" Line 23. Module stopwatch_clock_24 has a timescale but at least one module in design doesn't have timescale.
WARNING: [XSIM 43-4100] "C:/Users/prajw/Digital_Clock_Project/Digital_Clock_Project.srcs/sources_1/new/stopwatch_hours.v" Line 25. Module stopwatch_hour has a timescale but at least one module in design doesn't have timescale.
WARNING: [XSIM 43-4100] "C:/Users/prajw/Digital_Clock_Project/Digital_Clock_Project.sim/sim_1/behav/glbl.v" Line 6. Module glbl has a timescale but at least one module in design doesn't have timescale.
Completed simulation data flow analysis
Time Resolution for simulation is 1ps
Compiling module xil_defaultlib.stopwatch_second
Compiling module xil_defaultlib.stopwatch_minute
Compiling module xil_defaultlib.stopwatch_hour
Compiling module xil_defaultlib.stopwatch_clock_24
Compiling module xil_defaultlib.stopwatch_stimulus
Compiling module xil_defaultlib.glbl
Built simulation snapshot stopwatch_stimulus_behav
